<?xml version="1.0" encoding="UTF-8"?>
<!-- Generated by org.testng.reporters.JUnitXMLReporter -->
<testsuite hostname="LAPTOP-UROTC647" ignored="0" name="Sauce Demo App Test Automation Suite2" tests="5" failures="0" timestamp="27 Aug 2021 14:38:25 GMT" time="7.101" errors="0">
  <testcase name="validateTitleDisplayedTest" time="0.018" classname="com.sauce.qa.testcases.YourCartPageTest"/>
  <testcase name="validateSizeAndItemsInCartTest" time="0.085" classname="com.sauce.qa.testcases.YourCartPageTest"/>
  <testcase name="validateRemoveProductTest" time="0.208" classname="com.sauce.qa.testcases.YourCartPageTest"/>
  <testcase name="validateReturnShoppingTest" time="0.241" classname="com.sauce.qa.testcases.YourCartPageTest"/>
  <testcase name="validateCheckOutTest" time="3.136" classname="com.sauce.qa.testcases.YourCartPageTest"/>
</testsuite> <!-- Sauce Demo App Test Automation Suite2 -->
