<?xml version="1.0" encoding="UTF-8"?>
<!-- Generated by org.testng.reporters.JUnitXMLReporter -->
<testsuite hostname="LAPTOP-UROTC647" ignored="0" name="Sauce Demo App Test Automation Suite3" tests="3" failures="0" timestamp="27 Aug 2021 14:38:29 GMT" time="3.653" errors="0">
  <testcase name="validateTitleTest" time="0.023" classname="com.sauce.qa.testcases.CheckOutInfoPageTest"/>
  <testcase name="validateContinueShoppingTest" time="0.085" classname="com.sauce.qa.testcases.CheckOutInfoPageTest"/>
  <testcase name="validateCheckoutTest" time="0.4" classname="com.sauce.qa.testcases.CheckOutInfoPageTest"/>
</testsuite> <!-- Sauce Demo App Test Automation Suite3 -->
