<?xml version="1.0" encoding="UTF-8"?>
<!-- Generated by org.testng.reporters.JUnitXMLReporter -->
<testsuite hostname="LAPTOP-UROTC647" ignored="0" name="Surefire test" tests="16" failures="0" timestamp="25 Aug 2021 16:12:21 GMT" time="22.622" errors="0">
  <testcase name="@BeforeClass setUp" time="1.412" classname="com.sauce.qa.testcases.ProductDescriptionPageTest">
    <failure type="java.lang.NullPointerException">
      <![CDATA[java.lang.NullPointerException
	at com.sauce.qa.testcases.ProductDescriptionPageTest.setUp(ProductDescriptionPageTest.java:31)
... Removed 29 stack frames]]>
    </failure>
  </testcase> <!-- @BeforeClass setUp -->
  <testcase name="@AfterClass tearDown" time="0.0" classname="com.sauce.qa.testcases.ProductDescriptionPageTest">
    <skipped/>
  </testcase> <!-- @AfterClass tearDown -->
  <testcase name="imageTest" time="0.061" classname="com.sauce.qa.testcases.LoginPageTest"/>
  <testcase name="loginPageTitleTest" time="0.006" classname="com.sauce.qa.testcases.LoginPageTest"/>
  <testcase name="loginTest" time="3.254" classname="com.sauce.qa.testcases.LoginPageTest"/>
  <testcase name="validateImageDisplayedTest" time="0.0" classname="com.sauce.qa.testcases.ProductDescriptionPageTest">
    <skipped/>
  </testcase> <!-- validateImageDisplayedTest -->
  <testcase name="verifyProductListTitleTest" time="0.005" classname="com.sauce.qa.testcases.ProductListPageTest"/>
  <testcase name="validateProductTitleTest" time="0.0" classname="com.sauce.qa.testcases.ProductDescriptionPageTest">
    <skipped/>
  </testcase> <!-- validateProductTitleTest -->
  <testcase name="verifyFilterOptionsTest" time="0.153" classname="com.sauce.qa.testcases.ProductListPageTest"/>
  <testcase name="validateAddToCartTest" time="0.0" classname="com.sauce.qa.testcases.ProductDescriptionPageTest">
    <skipped/>
  </testcase> <!-- validateAddToCartTest -->
  <testcase name="validateSortingTest" time="0.252" classname="com.sauce.qa.testcases.ProductListPageTest"/>
  <testcase name="removeFromCartTest" time="0.0" classname="com.sauce.qa.testcases.ProductDescriptionPageTest">
    <skipped/>
  </testcase> <!-- removeFromCartTest -->
  <testcase name="addToCartTest" time="0.201" classname="com.sauce.qa.testcases.ProductListPageTest"/>
  <testcase name="validateBackToProductsTest" time="0.0" classname="com.sauce.qa.testcases.ProductDescriptionPageTest">
    <skipped/>
  </testcase> <!-- validateBackToProductsTest -->
  <testcase name="removeFromCart" time="2.1" classname="com.sauce.qa.testcases.ProductListPageTest"/>
  <testcase name="validateYourCartTest" time="0.0" classname="com.sauce.qa.testcases.ProductDescriptionPageTest">
    <skipped/>
  </testcase> <!-- validateYourCartTest -->
  <testcase name="validateMenuOptionsTest" time="5.507" classname="com.sauce.qa.testcases.ProductListPageTest"/>
  <testcase name="selectAProduct" time="5.151" classname="com.sauce.qa.testcases.ProductListPageTest"/>
</testsuite> <!-- Surefire test -->
