<?xml version="1.0" encoding="UTF-8"?>
<!-- Generated by org.testng.reporters.JUnitXMLReporter -->
<testsuite ignored="0" hostname="LAPTOP-UROTC647" failures="0" tests="3" name="Default test" time="6.249" errors="0" timestamp="25 Aug 2021 13:30:35 GMT">
  <testcase classname="com.sauce.qa.testcases.LoginPageTest" name="imageTest" time="0.071"/>
  <testcase classname="com.sauce.qa.testcases.LoginPageTest" name="loginPageTitleTest" time="0.009"/>
  <testcase classname="com.sauce.qa.testcases.LoginPageTest" name="loginTest" time="3.412"/>
</testsuite> <!-- Default test -->
