<?xml version="1.0" encoding="UTF-8"?>
<!-- Generated by org.testng.reporters.JUnitXMLReporter -->
<testsuite hostname="LAPTOP-UROTC647" ignored="0" name="Sauce Demo App Test Automation Suite2" tests="5" failures="0" timestamp="27 Aug 2021 18:49:37 GMT" time="6.913" errors="0">
  <testcase name="validateTitleDisplayedTest" time="0.017" classname="com.sauce.qa.testcases.YourCartPageTest"/>
  <testcase name="validateSizeAndItemsInCartTest" time="0.058" classname="com.sauce.qa.testcases.YourCartPageTest"/>
  <testcase name="validateRemoveProductTest" time="0.134" classname="com.sauce.qa.testcases.YourCartPageTest"/>
  <testcase name="validateReturnShoppingTest" time="0.115" classname="com.sauce.qa.testcases.YourCartPageTest"/>
  <testcase name="validateCheckOutTest" time="3.141" classname="com.sauce.qa.testcases.YourCartPageTest"/>
</testsuite> <!-- Sauce Demo App Test Automation Suite2 -->
