<?xml version="1.0" encoding="UTF-8"?>
<!-- Generated by org.testng.reporters.JUnitXMLReporter -->
<testsuite hostname="LAPTOP-UROTC647" ignored="0" name="Sauce Demo App Test Automation Suite4" tests="4" failures="0" timestamp="27 Aug 2021 18:49:45 GMT" time="3.801" errors="0">
  <testcase name="validateTotalCostTest" time="0.101" classname="com.sauce.qa.testcases.CheckOutOverviewPageTest"/>
  <testcase name="validateFinalCostTest" time="0.117" classname="com.sauce.qa.testcases.CheckOutOverviewPageTest"/>
  <testcase name="validateCompletePaymentTest" time="0.077" classname="com.sauce.qa.testcases.CheckOutOverviewPageTest"/>
  <testcase name="validateCancelTest" time="0.129" classname="com.sauce.qa.testcases.CheckOutOverviewPageTest"/>
</testsuite> <!-- Sauce Demo App Test Automation Suite4 -->
