<?xml version="1.0" encoding="UTF-8"?>
<!-- Generated by org.testng.reporters.JUnitXMLReporter -->
<testsuite hostname="LAPTOP-UROTC647" ignored="0" name="Sauce Demo App Test Automation Suite3" tests="3" failures="0" timestamp="27 Aug 2021 18:49:41 GMT" time="3.374" errors="0">
  <testcase name="validateTitleTest" time="0.015" classname="com.sauce.qa.testcases.CheckOutInfoPageTest"/>
  <testcase name="validateContinueShoppingTest" time="0.106" classname="com.sauce.qa.testcases.CheckOutInfoPageTest"/>
  <testcase name="validateCheckoutTest" time="0.327" classname="com.sauce.qa.testcases.CheckOutInfoPageTest"/>
</testsuite> <!-- Sauce Demo App Test Automation Suite3 -->
