<?xml version="1.0" encoding="UTF-8"?>
<!-- Generated by org.testng.reporters.JUnitXMLReporter -->
<testsuite hostname="LAPTOP-UROTC647" ignored="0" name="Sauce Demo App Test Automation Suite" tests="10" failures="0" timestamp="26 Aug 2021 06:43:09 GMT" time="28.128" errors="0">
  <testcase name="imageTest" time="0.064" classname="com.sauce.qa.testcases.LoginPageTest"/>
  <testcase name="loginPageTitleTest" time="0.008" classname="com.sauce.qa.testcases.LoginPageTest"/>
  <testcase name="loginTest" time="3.274" classname="com.sauce.qa.testcases.LoginPageTest"/>
  <testcase name="verifyProductListTitleTest" time="0.007" classname="com.sauce.qa.testcases.ProductListPageTest"/>
  <testcase name="verifyFilterOptionsTest" time="0.222" classname="com.sauce.qa.testcases.ProductListPageTest"/>
  <testcase name="validateSortingTest" time="0.226" classname="com.sauce.qa.testcases.ProductListPageTest"/>
  <testcase name="addToCartTest" time="0.192" classname="com.sauce.qa.testcases.ProductListPageTest"/>
  <testcase name="removeFromCart" time="2.1" classname="com.sauce.qa.testcases.ProductListPageTest"/>
  <testcase name="validateMenuOptionsTest" time="10.331" classname="com.sauce.qa.testcases.ProductListPageTest"/>
  <testcase name="selectAProduct" time="5.161" classname="com.sauce.qa.testcases.ProductListPageTest"/>
</testsuite> <!-- Sauce Demo App Test Automation Suite -->
