<?xml version="1.0" encoding="UTF-8"?>
<!-- Generated by org.testng.reporters.JUnitXMLReporter -->
<testsuite hostname="LAPTOP-UROTC647" ignored="0" name="Sauce Demo App Test Automation Suite1" tests="6" failures="0" timestamp="27 Aug 2021 18:49:31 GMT" time="22.739" errors="0">
  <testcase name="validateImageDisplayedTest" time="0.052" classname="com.sauce.qa.testcases.ProductDescriptionPageTest"/>
  <testcase name="validateProductTitleTest" time="0.031" classname="com.sauce.qa.testcases.ProductDescriptionPageTest"/>
  <testcase name="validateAddToCartTest" time="10.212" classname="com.sauce.qa.testcases.ProductDescriptionPageTest"/>
  <testcase name="removeFromCartTest" time="10.177" classname="com.sauce.qa.testcases.ProductDescriptionPageTest"/>
  <testcase name="validateBackToProductsTest" time="0.15" classname="com.sauce.qa.testcases.ProductDescriptionPageTest"/>
  <testcase name="validateYourCartTest" time="0.231" classname="com.sauce.qa.testcases.ProductDescriptionPageTest"/>
</testsuite> <!-- Sauce Demo App Test Automation Suite1 -->
