<?xml version="1.0" encoding="UTF-8"?>
<!-- Generated by org.testng.reporters.JUnitXMLReporter -->
<testsuite hostname="LAPTOP-UROTC647" ignored="0" name="Sauce Demo App Test Automation Suite" tests="10" failures="0" timestamp="27 Aug 2021 18:49:08 GMT" time="27.818" errors="0">
  <testcase name="imageTest" time="0.09" classname="com.sauce.qa.testcases.LoginPageTest"/>
  <testcase name="loginPageTitleTest" time="0.01" classname="com.sauce.qa.testcases.LoginPageTest"/>
  <testcase name="loginTest" time="3.29" classname="com.sauce.qa.testcases.LoginPageTest"/>
  <testcase name="verifyProductListTitleTest" time="0.006" classname="com.sauce.qa.testcases.ProductListPageTest"/>
  <testcase name="verifyFilterOptionsTest" time="0.282" classname="com.sauce.qa.testcases.ProductListPageTest"/>
  <testcase name="validateSortingTest" time="0.282" classname="com.sauce.qa.testcases.ProductListPageTest"/>
  <testcase name="addToCartTest" time="0.338" classname="com.sauce.qa.testcases.ProductListPageTest"/>
  <testcase name="removeFromCart" time="2.117" classname="com.sauce.qa.testcases.ProductListPageTest"/>
  <testcase name="validateMenuOptionsTest" time="9.965" classname="com.sauce.qa.testcases.ProductListPageTest"/>
  <testcase name="selectAProduct" time="5.172" classname="com.sauce.qa.testcases.ProductListPageTest"/>
</testsuite> <!-- Sauce Demo App Test Automation Suite -->
