<?xml version="1.0" encoding="UTF-8"?>
<testsuite name="TestSuite" time="42.605" tests="16" errors="0" skipped="0" failures="0">
  <properties>
[...]
</properties>
  <testcase name="imageTest" classname="com.sauce.qa.testcases.LoginPageTest" time="0.065"/>
  <testcase name="loginPageTitleTest" classname="com.sauce.qa.testcases.LoginPageTest" time="0.008"/>
  <testcase name="loginTest" classname="com.sauce.qa.testcases.LoginPageTest" time="3.274"/>
  <testcase name="verifyProductListTitleTest" classname="com.sauce.qa.testcases.ProductListPageTest" time="0.008"/>
  <testcase name="verifyFilterOptionsTest" classname="com.sauce.qa.testcases.ProductListPageTest" time="0.222"/>
  <testcase name="validateSortingTest" classname="com.sauce.qa.testcases.ProductListPageTest" time="0.226"/>
  <testcase name="addToCartTest" classname="com.sauce.qa.testcases.ProductListPageTest" time="0.193"/>
  <testcase name="removeFromCart" classname="com.sauce.qa.testcases.ProductListPageTest" time="2.1"/>
  <testcase name="validateMenuOptionsTest" classname="com.sauce.qa.testcases.ProductListPageTest" time="10.331"/>
  <testcase name="selectAProduct" classname="com.sauce.qa.testcases.ProductListPageTest" time="5.161"/>
  <testcase name="validateImageDisplayedTest" classname="com.sauce.qa.testcases.ProductDescriptionPageTest" time="0.062"/>
  <testcase name="validateProductTitleTest" classname="com.sauce.qa.testcases.ProductDescriptionPageTest" time="0.039"/>
  <testcase name="validateAddToCartTest" classname="com.sauce.qa.testcases.ProductDescriptionPageTest" time="10.183"/>
  <testcase name="removeFromCartTest" classname="com.sauce.qa.testcases.ProductDescriptionPageTest" time="10.18"/>
  <testcase name="validateBackToProductsTest" classname="com.sauce.qa.testcases.ProductDescriptionPageTest" time="0.39"/>
  <testcase name="validateYourCartTest" classname="com.sauce.qa.testcases.ProductDescriptionPageTest" time="0.163"/>
</testsuite>