<?xml version="1.0" encoding="UTF-8"?>
<testsuite xmlns:xsi="http://www.w3.org/2001/XMLSchema-instance" xsi:schemaLocation="https://maven.apache.org/surefire/maven-surefire-plugin/xsd/surefire-test-report.xsd" name="TestSuite" time="22.912" tests="18" errors="0" skipped="7" failures="1">
  <properties>
[...]
</properties>
  <testcase name="imageTest" classname="com.sauce.qa.testcases.LoginPageTest" time="0.061"/>
  <testcase name="loginPageTitleTest" classname="com.sauce.qa.testcases.LoginPageTest" time="0.006"/>
  <testcase name="loginTest" classname="com.sauce.qa.testcases.LoginPageTest" time="3.254"/>
  <testcase name="setUp" classname="com.sauce.qa.testcases.ProductDescriptionPageTest" time="5.35">
    <failure type="java.lang.NullPointerException">java.lang.NullPointerException
	at com.sauce.qa.testcases.ProductDescriptionPageTest.setUp(ProductDescriptionPageTest.java:31)
</failure>
    <system-err><![CDATA[Starting ChromeDriver 92.0.4515.107 (87a818b10553a07434ea9e2b6dccf3cbe7895134-refs/branch-heads/4515@{#1634}) on port 32479
Only local connections are allowed.
Please see https://chromedriver.chromium.org/security-considerations for suggestions on keeping ChromeDriver safe.
ChromeDriver was started successfully.
Aug 25, 2021 8:12:05 PM org.openqa.selenium.remote.ProtocolHandshake createSession
INFO: Detected dialect: W3C
]]></system-err>
  </testcase>
  <testcase name="validateImageDisplayedTest" classname="com.sauce.qa.testcases.ProductDescriptionPageTest" time="0">
    <skipped/>
  </testcase>
  <testcase name="verifyProductListTitleTest" classname="com.sauce.qa.testcases.ProductListPageTest" time="0.006"/>
  <testcase name="validateProductTitleTest" classname="com.sauce.qa.testcases.ProductDescriptionPageTest" time="0">
    <skipped/>
  </testcase>
  <testcase name="verifyFilterOptionsTest" classname="com.sauce.qa.testcases.ProductListPageTest" time="0.153"/>
  <testcase name="validateAddToCartTest" classname="com.sauce.qa.testcases.ProductDescriptionPageTest" time="0">
    <skipped/>
  </testcase>
  <testcase name="validateSortingTest" classname="com.sauce.qa.testcases.ProductListPageTest" time="0.252"/>
  <testcase name="removeFromCartTest" classname="com.sauce.qa.testcases.ProductDescriptionPageTest" time="0">
    <skipped/>
  </testcase>
  <testcase name="addToCartTest" classname="com.sauce.qa.testcases.ProductListPageTest" time="0.201"/>
  <testcase name="validateBackToProductsTest" classname="com.sauce.qa.testcases.ProductDescriptionPageTest" time="0">
    <skipped/>
  </testcase>
  <testcase name="removeFromCart" classname="com.sauce.qa.testcases.ProductListPageTest" time="2.1"/>
  <testcase name="validateYourCartTest" classname="com.sauce.qa.testcases.ProductDescriptionPageTest" time="0">
    <skipped/>
  </testcase>
  <testcase name="tearDown" classname="com.sauce.qa.testcases.ProductDescriptionPageTest" time="0">
    <skipped/>
  </testcase>
  <testcase name="validateMenuOptionsTest" classname="com.sauce.qa.testcases.ProductListPageTest" time="5.508"/>
  <testcase name="selectAProduct" classname="com.sauce.qa.testcases.ProductListPageTest" time="5.152"/>
</testsuite>