<?xml version="1.0" encoding="UTF-8"?>
<testng-results skipped="0" failed="0" ignored="0" total="21" passed="21">
  <reporter-output>
  </reporter-output>
  <suite name="Sauce Demo App Test Automation Suite" duration-ms="50309" started-at="2021-08-26T18:52:20Z" finished-at="2021-08-26T18:53:11Z">
    <groups>
    </groups>
    <test name="Sauce Demo App Test Automation Suite" duration-ms="21817" started-at="2021-08-26T18:52:20Z" finished-at="2021-08-26T18:52:42Z">
      <class name="com.sauce.qa.testcases.LoginPageTest">
        <test-method status="PASS" signature="setUp()[pri:0, instance:com.sauce.qa.testcases.LoginPageTest@77caeb3e]" name="setUp" is-config="true" duration-ms="2100" started-at="2021-08-26T22:52:20Z" finished-at="2021-08-26T22:52:22Z">
          <reporter-output>
          </reporter-output>
        </test-method> <!-- setUp -->
        <test-method status="PASS" signature="imageTest()[pri:0, instance:com.sauce.qa.testcases.LoginPageTest@77caeb3e]" name="imageTest" duration-ms="61" started-at="2021-08-26T22:52:22Z" finished-at="2021-08-26T22:52:22Z">
          <reporter-output>
          </reporter-output>
        </test-method> <!-- imageTest -->
        <test-method status="PASS" signature="loginPageTitleTest()[pri:0, instance:com.sauce.qa.testcases.LoginPageTest@77caeb3e]" name="loginPageTitleTest" duration-ms="4" started-at="2021-08-26T22:52:22Z" finished-at="2021-08-26T22:52:22Z">
          <reporter-output>
          </reporter-output>
        </test-method> <!-- loginPageTitleTest -->
        <test-method status="PASS" signature="loginTest()[pri:0, instance:com.sauce.qa.testcases.LoginPageTest@77caeb3e]" name="loginTest" duration-ms="3236" started-at="2021-08-26T22:52:22Z" finished-at="2021-08-26T22:52:26Z">
          <reporter-output>
          </reporter-output>
        </test-method> <!-- loginTest -->
        <test-method status="PASS" signature="tearDown()[pri:0, instance:com.sauce.qa.testcases.LoginPageTest@77caeb3e]" name="tearDown" is-config="true" duration-ms="672" started-at="2021-08-26T22:52:26Z" finished-at="2021-08-26T22:52:26Z">
          <reporter-output>
          </reporter-output>
        </test-method> <!-- tearDown -->
      </class> <!-- com.sauce.qa.testcases.LoginPageTest -->
      <class name="com.sauce.qa.testcases.ProductListPageTest">
        <test-method status="PASS" signature="setUp()[pri:0, instance:com.sauce.qa.testcases.ProductListPageTest@1e88b3c]" name="setUp" is-config="true" duration-ms="1911" started-at="2021-08-26T22:52:26Z" finished-at="2021-08-26T22:52:28Z">
          <reporter-output>
          </reporter-output>
        </test-method> <!-- setUp -->
        <test-method status="PASS" signature="verifyProductListTitleTest()[pri:1, instance:com.sauce.qa.testcases.ProductListPageTest@1e88b3c]" name="verifyProductListTitleTest" duration-ms="5" started-at="2021-08-26T22:52:28Z" finished-at="2021-08-26T22:52:28Z">
          <reporter-output>
          </reporter-output>
        </test-method> <!-- verifyProductListTitleTest -->
        <test-method status="PASS" signature="verifyFilterOptionsTest()[pri:2, instance:com.sauce.qa.testcases.ProductListPageTest@1e88b3c]" name="verifyFilterOptionsTest" duration-ms="120" started-at="2021-08-26T22:52:28Z" finished-at="2021-08-26T22:52:28Z">
          <reporter-output>
          </reporter-output>
        </test-method> <!-- verifyFilterOptionsTest -->
        <test-method status="PASS" signature="validateSortingTest()[pri:3, instance:com.sauce.qa.testcases.ProductListPageTest@1e88b3c]" name="validateSortingTest" duration-ms="176" started-at="2021-08-26T22:52:28Z" finished-at="2021-08-26T22:52:29Z">
          <reporter-output>
          </reporter-output>
        </test-method> <!-- validateSortingTest -->
        <test-method status="PASS" signature="addToCartTest()[pri:4, instance:com.sauce.qa.testcases.ProductListPageTest@1e88b3c]" name="addToCartTest" duration-ms="165" started-at="2021-08-26T22:52:29Z" finished-at="2021-08-26T22:52:29Z">
          <reporter-output>
          </reporter-output>
        </test-method> <!-- addToCartTest -->
        <test-method status="PASS" signature="removeFromCart()[pri:5, instance:com.sauce.qa.testcases.ProductListPageTest@1e88b3c]" name="removeFromCart" duration-ms="2095" started-at="2021-08-26T22:52:29Z" finished-at="2021-08-26T22:52:31Z">
          <reporter-output>
          </reporter-output>
        </test-method> <!-- removeFromCart -->
        <test-method status="PASS" signature="validateMenuOptionsTest()[pri:6, instance:com.sauce.qa.testcases.ProductListPageTest@1e88b3c]" name="validateMenuOptionsTest" duration-ms="6080" started-at="2021-08-26T22:52:31Z" finished-at="2021-08-26T22:52:37Z">
          <reporter-output>
          </reporter-output>
        </test-method> <!-- validateMenuOptionsTest -->
        <test-method status="PASS" signature="selectAProduct()[pri:7, instance:com.sauce.qa.testcases.ProductListPageTest@1e88b3c]" name="selectAProduct" duration-ms="5100" started-at="2021-08-26T22:52:37Z" finished-at="2021-08-26T22:52:42Z">
          <reporter-output>
          </reporter-output>
        </test-method> <!-- selectAProduct -->
        <test-method status="PASS" signature="tearDown()[pri:0, instance:com.sauce.qa.testcases.ProductListPageTest@1e88b3c]" name="tearDown" is-config="true" duration-ms="71" started-at="2021-08-26T22:52:42Z" finished-at="2021-08-26T22:52:42Z">
          <reporter-output>
          </reporter-output>
        </test-method> <!-- tearDown -->
      </class> <!-- com.sauce.qa.testcases.ProductListPageTest -->
    </test> <!-- Sauce Demo App Test Automation Suite -->
    <test name="Sauce Demo App Test Automation Suite1" duration-ms="22598" started-at="2021-08-26T18:52:42Z" finished-at="2021-08-26T18:53:05Z">
      <class name="com.sauce.qa.testcases.ProductDescriptionPageTest">
        <test-method status="PASS" signature="setUp()[pri:0, instance:com.sauce.qa.testcases.ProductDescriptionPageTest@f6c48ac]" name="setUp" is-config="true" duration-ms="1918" started-at="2021-08-26T22:52:42Z" finished-at="2021-08-26T22:52:44Z">
          <reporter-output>
          </reporter-output>
        </test-method> <!-- setUp -->
        <test-method status="PASS" signature="validateImageDisplayedTest()[pri:1, instance:com.sauce.qa.testcases.ProductDescriptionPageTest@f6c48ac]" name="validateImageDisplayedTest" duration-ms="42" started-at="2021-08-26T22:52:44Z" finished-at="2021-08-26T22:52:44Z">
          <reporter-output>
          </reporter-output>
        </test-method> <!-- validateImageDisplayedTest -->
        <test-method status="PASS" signature="validateProductTitleTest()[pri:2, instance:com.sauce.qa.testcases.ProductDescriptionPageTest@f6c48ac]" name="validateProductTitleTest" duration-ms="30" started-at="2021-08-26T22:52:44Z" finished-at="2021-08-26T22:52:44Z">
          <reporter-output>
          </reporter-output>
        </test-method> <!-- validateProductTitleTest -->
        <test-method status="PASS" signature="validateAddToCartTest()[pri:3, instance:com.sauce.qa.testcases.ProductDescriptionPageTest@f6c48ac]" name="validateAddToCartTest" duration-ms="10131" started-at="2021-08-26T22:52:44Z" finished-at="2021-08-26T22:52:54Z">
          <reporter-output>
          </reporter-output>
        </test-method> <!-- validateAddToCartTest -->
        <test-method status="PASS" signature="removeFromCartTest()[pri:4, instance:com.sauce.qa.testcases.ProductDescriptionPageTest@f6c48ac]" name="removeFromCartTest" duration-ms="10119" started-at="2021-08-26T22:52:54Z" finished-at="2021-08-26T22:53:04Z">
          <reporter-output>
          </reporter-output>
        </test-method> <!-- removeFromCartTest -->
        <test-method status="PASS" signature="validateBackToProductsTest()[pri:5, instance:com.sauce.qa.testcases.ProductDescriptionPageTest@f6c48ac]" name="validateBackToProductsTest" duration-ms="168" started-at="2021-08-26T22:53:04Z" finished-at="2021-08-26T22:53:05Z">
          <reporter-output>
          </reporter-output>
        </test-method> <!-- validateBackToProductsTest -->
        <test-method status="PASS" signature="validateYourCartTest()[pri:6, instance:com.sauce.qa.testcases.ProductDescriptionPageTest@f6c48ac]" name="validateYourCartTest" duration-ms="116" started-at="2021-08-26T22:53:05Z" finished-at="2021-08-26T22:53:05Z">
          <reporter-output>
          </reporter-output>
        </test-method> <!-- validateYourCartTest -->
        <test-method status="PASS" signature="tearDown()[pri:0, instance:com.sauce.qa.testcases.ProductDescriptionPageTest@f6c48ac]" name="tearDown" is-config="true" duration-ms="66" started-at="2021-08-26T22:53:05Z" finished-at="2021-08-26T22:53:05Z">
          <reporter-output>
          </reporter-output>
        </test-method> <!-- tearDown -->
      </class> <!-- com.sauce.qa.testcases.ProductDescriptionPageTest -->
    </test> <!-- Sauce Demo App Test Automation Suite1 -->
    <test name="Sauce Demo App Test Automation Suite2" duration-ms="5857" started-at="2021-08-26T18:53:05Z" finished-at="2021-08-26T18:53:11Z">
      <class name="com.sauce.qa.testcases.YourCartPageTest">
        <test-method status="PASS" signature="setUp()[pri:0, instance:com.sauce.qa.testcases.YourCartPageTest@14bf9759]" name="setUp" is-config="true" duration-ms="1982" started-at="2021-08-26T22:53:05Z" finished-at="2021-08-26T22:53:07Z">
          <reporter-output>
          </reporter-output>
        </test-method> <!-- setUp -->
        <test-method status="PASS" signature="validateTitleDisplayedTest()[pri:1, instance:com.sauce.qa.testcases.YourCartPageTest@14bf9759]" name="validateTitleDisplayedTest" duration-ms="12" started-at="2021-08-26T22:53:07Z" finished-at="2021-08-26T22:53:07Z">
          <reporter-output>
          </reporter-output>
        </test-method> <!-- validateTitleDisplayedTest -->
        <test-method status="PASS" signature="validateSizeAndItemsInCartTest()[pri:2, instance:com.sauce.qa.testcases.YourCartPageTest@14bf9759]" name="validateSizeAndItemsInCartTest" duration-ms="50" started-at="2021-08-26T22:53:07Z" finished-at="2021-08-26T22:53:07Z">
          <reporter-output>
          </reporter-output>
        </test-method> <!-- validateSizeAndItemsInCartTest -->
        <test-method status="PASS" signature="validateRemoveProductTest()[pri:3, instance:com.sauce.qa.testcases.YourCartPageTest@14bf9759]" name="validateRemoveProductTest" duration-ms="0" started-at="2021-08-26T22:53:07Z" finished-at="2021-08-26T22:53:07Z">
          <reporter-output>
          </reporter-output>
        </test-method> <!-- validateRemoveProductTest -->
        <test-method status="PASS" signature="validateReturnShoppingTest()[pri:4, instance:com.sauce.qa.testcases.YourCartPageTest@14bf9759]" name="validateReturnShoppingTest" duration-ms="75" started-at="2021-08-26T22:53:07Z" finished-at="2021-08-26T22:53:07Z">
          <reporter-output>
          </reporter-output>
        </test-method> <!-- validateReturnShoppingTest -->
        <test-method status="PASS" signature="validateCheckOutTest()[pri:5, instance:com.sauce.qa.testcases.YourCartPageTest@14bf9759]" name="validateCheckOutTest" duration-ms="3079" started-at="2021-08-26T22:53:07Z" finished-at="2021-08-26T22:53:10Z">
          <reporter-output>
          </reporter-output>
        </test-method> <!-- validateCheckOutTest -->
        <test-method status="PASS" signature="tearDown()[pri:0, instance:com.sauce.qa.testcases.YourCartPageTest@14bf9759]" name="tearDown" is-config="true" duration-ms="657" started-at="2021-08-26T22:53:10Z" finished-at="2021-08-26T22:53:11Z">
          <reporter-output>
          </reporter-output>
        </test-method> <!-- tearDown -->
      </class> <!-- com.sauce.qa.testcases.YourCartPageTest -->
    </test> <!-- Sauce Demo App Test Automation Suite2 -->
  </suite> <!-- Sauce Demo App Test Automation Suite -->
</testng-results>
